{"e:\\code\\kissy_git\\logger-manager\\index.js":{"path":"e:\\code\\kissy_git\\logger-manager\\index.js","s":{"1":1,"2":1},"b":{},"f":{},"fnMap":{},"statementMap":{"1":{"start":{"line":1,"column":0},"end":{"line":1,"column":49}},"2":{"start":{"line":2,"column":0},"end":{"line":2,"column":59}}},"branchMap":{}},"e:\\code\\kissy_git\\logger-manager\\lib\\logger-manager.js":{"path":"e:\\code\\kissy_git\\logger-manager\\lib\\logger-manager.js","s":{"1":1,"2":1,"3":1,"4":1,"5":9,"6":9,"7":36,"8":36,"9":12,"10":9,"11":1,"12":10,"13":10,"14":10,"15":12,"16":12,"17":12,"18":12,"19":12,"20":12,"21":12,"22":4,"23":4,"24":4,"25":4,"26":4,"27":4,"28":4,"29":2,"30":2,"31":8,"32":8,"33":8,"34":8,"35":8,"36":8,"37":8,"38":8,"39":4,"40":4,"41":12,"42":6,"43":12,"44":6,"45":6,"46":6,"47":6,"48":9,"49":0},"b":{"1":[10,0],"2":[12,0],"3":[12,0],"4":[12,0],"5":[4,8],"6":[4,4],"7":[4,4],"8":[2,2],"9":[4,4,4],"10":[8,0],"11":[8,2],"12":[8,6],"13":[4,4],"14":[8,8,6],"15":[6,6],"16":[6,6],"17":[6,0],"18":[6,6],"19":[2,4],"20":[6,6],"21":[0,0]},"f":{"1":9,"2":36,"3":12,"4":10,"5":12,"6":9,"7":0},"fnMap":{"1":{"name":"getLogger","line":16,"loc":{"start":{"line":16,"column":0},"end":{"line":16,"column":27}}},"2":{"name":"(anonymous_2)","line":20,"loc":{"start":{"line":20,"column":9},"end":{"line":20,"column":29}}},"3":{"name":"(anonymous_3)","line":21,"loc":{"start":{"line":21,"column":23},"end":{"line":21,"column":38}}},"4":{"name":"(anonymous_4)","line":34,"loc":{"start":{"line":34,"column":12},"end":{"line":34,"column":27}}},"5":{"name":"(anonymous_5)","line":47,"loc":{"start":{"line":47,"column":9},"end":{"line":47,"column":37}}},"6":{"name":"(anonymous_6)","line":98,"loc":{"start":{"line":98,"column":15},"end":{"line":98,"column":33}}},"7":{"name":"(anonymous_7)","line":105,"loc":{"start":{"line":105,"column":11},"end":{"line":105,"column":26}}}},"statementMap":{"1":{"start":{"line":6,"column":0},"end":{"line":6,"column":16}},"2":{"start":{"line":7,"column":0},"end":{"line":12,"column":2}},"3":{"start":{"line":14,"column":0},"end":{"line":14,"column":11}},"4":{"start":{"line":16,"column":0},"end":{"line":27,"column":1}},"5":{"start":{"line":17,"column":4},"end":{"line":17,"column":17}},"6":{"start":{"line":18,"column":4},"end":{"line":25,"column":5}},"7":{"start":{"line":20,"column":8},"end":{"line":24,"column":21}},"8":{"start":{"line":21,"column":12},"end":{"line":23,"column":14}},"9":{"start":{"line":22,"column":16},"end":{"line":22,"column":52}},"10":{"start":{"line":26,"column":4},"end":{"line":26,"column":15}},"11":{"start":{"line":29,"column":0},"end":{"line":109,"column":2}},"12":{"start":{"line":35,"column":8},"end":{"line":37,"column":9}},"13":{"start":{"line":36,"column":12},"end":{"line":36,"column":25}},"14":{"start":{"line":38,"column":8},"end":{"line":38,"column":22}},"15":{"start":{"line":48,"column":8},"end":{"line":48,"column":24}},"16":{"start":{"line":49,"column":8},"end":{"line":82,"column":9}},"17":{"start":{"line":50,"column":12},"end":{"line":50,"column":24}},"18":{"start":{"line":51,"column":12},"end":{"line":51,"column":59}},"19":{"start":{"line":52,"column":12},"end":{"line":52,"column":33}},"20":{"start":{"line":53,"column":12},"end":{"line":53,"column":58}},"21":{"start":{"line":54,"column":12},"end":{"line":78,"column":13}},"22":{"start":{"line":55,"column":16},"end":{"line":55,"column":28}},"23":{"start":{"line":56,"column":16},"end":{"line":65,"column":17}},"24":{"start":{"line":57,"column":20},"end":{"line":57,"column":32}},"25":{"start":{"line":58,"column":20},"end":{"line":58,"column":35}},"26":{"start":{"line":59,"column":20},"end":{"line":59,"column":76}},"27":{"start":{"line":60,"column":20},"end":{"line":60,"column":76}},"28":{"start":{"line":61,"column":20},"end":{"line":64,"column":21}},"29":{"start":{"line":62,"column":24},"end":{"line":62,"column":36}},"30":{"start":{"line":63,"column":24},"end":{"line":63,"column":30}},"31":{"start":{"line":66,"column":19},"end":{"line":78,"column":13}},"32":{"start":{"line":67,"column":16},"end":{"line":67,"column":28}},"33":{"start":{"line":68,"column":16},"end":{"line":77,"column":17}},"34":{"start":{"line":69,"column":20},"end":{"line":69,"column":32}},"35":{"start":{"line":70,"column":20},"end":{"line":70,"column":35}},"36":{"start":{"line":71,"column":20},"end":{"line":71,"column":76}},"37":{"start":{"line":72,"column":20},"end":{"line":72,"column":76}},"38":{"start":{"line":73,"column":20},"end":{"line":76,"column":21}},"39":{"start":{"line":74,"column":24},"end":{"line":74,"column":36}},"40":{"start":{"line":75,"column":24},"end":{"line":75,"column":30}},"41":{"start":{"line":79,"column":12},"end":{"line":81,"column":13}},"42":{"start":{"line":80,"column":16},"end":{"line":80,"column":42}},"43":{"start":{"line":84,"column":8},"end":{"line":89,"column":9}},"44":{"start":{"line":85,"column":12},"end":{"line":87,"column":13}},"45":{"start":{"line":86,"column":16},"end":{"line":86,"column":64}},"46":{"start":{"line":88,"column":12},"end":{"line":88,"column":23}},"47":{"start":{"line":90,"column":8},"end":{"line":90,"column":25}},"48":{"start":{"line":99,"column":8},"end":{"line":99,"column":33}},"49":{"start":{"line":107,"column":8},"end":{"line":107,"column":59}}},"branchMap":{"1":{"line":35,"type":"if","locations":[{"start":{"line":35,"column":8},"end":{"line":35,"column":8}},{"start":{"line":35,"column":8},"end":{"line":35,"column":8}}]},"2":{"line":49,"type":"if","locations":[{"start":{"line":49,"column":8},"end":{"line":49,"column":8}},{"start":{"line":49,"column":8},"end":{"line":49,"column":8}}]},"3":{"line":52,"type":"binary-expr","locations":[{"start":{"line":52,"column":18},"end":{"line":52,"column":21}},{"start":{"line":52,"column":25},"end":{"line":52,"column":32}}]},"4":{"line":53,"type":"binary-expr","locations":[{"start":{"line":53,"column":20},"end":{"line":53,"column":36}},{"start":{"line":53,"column":40},"end":{"line":53,"column":57}}]},"5":{"line":54,"type":"if","locations":[{"start":{"line":54,"column":12},"end":{"line":54,"column":12}},{"start":{"line":54,"column":12},"end":{"line":54,"column":12}}]},"6":{"line":59,"type":"binary-expr","locations":[{"start":{"line":59,"column":31},"end":{"line":59,"column":54}},{"start":{"line":59,"column":58},"end":{"line":59,"column":75}}]},"7":{"line":60,"type":"binary-expr","locations":[{"start":{"line":60,"column":31},"end":{"line":60,"column":54}},{"start":{"line":60,"column":58},"end":{"line":60,"column":75}}]},"8":{"line":61,"type":"if","locations":[{"start":{"line":61,"column":20},"end":{"line":61,"column":20}},{"start":{"line":61,"column":20},"end":{"line":61,"column":20}}]},"9":{"line":61,"type":"binary-expr","locations":[{"start":{"line":61,"column":24},"end":{"line":61,"column":41}},{"start":{"line":61,"column":45},"end":{"line":61,"column":62}},{"start":{"line":61,"column":66},"end":{"line":61,"column":83}}]},"10":{"line":66,"type":"if","locations":[{"start":{"line":66,"column":19},"end":{"line":66,"column":19}},{"start":{"line":66,"column":19},"end":{"line":66,"column":19}}]},"11":{"line":71,"type":"binary-expr","locations":[{"start":{"line":71,"column":31},"end":{"line":71,"column":54}},{"start":{"line":71,"column":58},"end":{"line":71,"column":75}}]},"12":{"line":72,"type":"binary-expr","locations":[{"start":{"line":72,"column":31},"end":{"line":72,"column":54}},{"start":{"line":72,"column":58},"end":{"line":72,"column":75}}]},"13":{"line":73,"type":"if","locations":[{"start":{"line":73,"column":20},"end":{"line":73,"column":20}},{"start":{"line":73,"column":20},"end":{"line":73,"column":20}}]},"14":{"line":73,"type":"binary-expr","locations":[{"start":{"line":73,"column":24},"end":{"line":73,"column":41}},{"start":{"line":73,"column":45},"end":{"line":73,"column":62}},{"start":{"line":73,"column":66},"end":{"line":73,"column":83}}]},"15":{"line":79,"type":"if","locations":[{"start":{"line":79,"column":12},"end":{"line":79,"column":12}},{"start":{"line":79,"column":12},"end":{"line":79,"column":12}}]},"16":{"line":84,"type":"if","locations":[{"start":{"line":84,"column":8},"end":{"line":84,"column":8}},{"start":{"line":84,"column":8},"end":{"line":84,"column":8}}]},"17":{"line":85,"type":"if","locations":[{"start":{"line":85,"column":12},"end":{"line":85,"column":12}},{"start":{"line":85,"column":12},"end":{"line":85,"column":12}}]},"18":{"line":85,"type":"binary-expr","locations":[{"start":{"line":85,"column":16},"end":{"line":85,"column":46}},{"start":{"line":85,"column":50},"end":{"line":85,"column":61}}]},"19":{"line":86,"type":"cond-expr","locations":[{"start":{"line":86,"column":46},"end":{"line":86,"column":49}},{"start":{"line":86,"column":52},"end":{"line":86,"column":57}}]},"20":{"line":86,"type":"binary-expr","locations":[{"start":{"line":86,"column":24},"end":{"line":86,"column":27}},{"start":{"line":86,"column":31},"end":{"line":86,"column":43}}]},"21":{"line":107,"type":"cond-expr","locations":[{"start":{"line":107,"column":38},"end":{"line":107,"column":41}},{"start":{"line":107,"column":44},"end":{"line":107,"column":58}}]}}}}