TN:
SF:e:\code\kissy_git\logger-manager\index.js
FNF:0
FNH:0
DA:1,1
DA:2,1
LF:2
LH:2
BRF:0
BRH:0
end_of_record
TN:
SF:e:\code\kissy_git\logger-manager\lib\logger-manager.js
FN:16,getLogger
FN:20,(anonymous_2)
FN:21,(anonymous_3)
FN:34,(anonymous_4)
FN:47,(anonymous_5)
FN:98,(anonymous_6)
FN:105,(anonymous_7)
FNF:7
FNH:6
FNDA:9,getLogger
FNDA:36,(anonymous_2)
FNDA:12,(anonymous_3)
FNDA:10,(anonymous_4)
FNDA:12,(anonymous_5)
FNDA:9,(anonymous_6)
FNDA:0,(anonymous_7)
DA:6,1
DA:7,1
DA:14,1
DA:16,1
DA:17,9
DA:18,9
DA:20,36
DA:21,36
DA:22,12
DA:26,9
DA:29,1
DA:35,10
DA:36,10
DA:38,10
DA:48,12
DA:49,12
DA:50,12
DA:51,12
DA:52,12
DA:53,12
DA:54,12
DA:55,4
DA:56,4
DA:57,4
DA:58,4
DA:59,4
DA:60,4
DA:61,4
DA:62,2
DA:63,2
DA:66,8
DA:67,8
DA:68,8
DA:69,8
DA:70,8
DA:71,8
DA:72,8
DA:73,8
DA:74,4
DA:75,4
DA:79,12
DA:80,6
DA:84,12
DA:85,6
DA:86,6
DA:88,6
DA:90,6
DA:99,9
DA:107,0
LF:49
LH:48
BRDA:35,1,0,10
BRDA:35,1,1,0
BRDA:49,2,0,12
BRDA:49,2,1,0
BRDA:52,3,0,12
BRDA:52,3,1,0
BRDA:53,4,0,12
BRDA:53,4,1,0
BRDA:54,5,0,4
BRDA:54,5,1,8
BRDA:59,6,0,4
BRDA:59,6,1,4
BRDA:60,7,0,4
BRDA:60,7,1,4
BRDA:61,8,0,2
BRDA:61,8,1,2
BRDA:61,9,0,4
BRDA:61,9,1,4
BRDA:61,9,2,4
BRDA:66,10,0,8
BRDA:66,10,1,0
BRDA:71,11,0,8
BRDA:71,11,1,2
BRDA:72,12,0,8
BRDA:72,12,1,6
BRDA:73,13,0,4
BRDA:73,13,1,4
BRDA:73,14,0,8
BRDA:73,14,1,8
BRDA:73,14,2,6
BRDA:79,15,0,6
BRDA:79,15,1,6
BRDA:84,16,0,6
BRDA:84,16,1,6
BRDA:85,17,0,6
BRDA:85,17,1,0
BRDA:85,18,0,6
BRDA:85,18,1,6
BRDA:86,19,0,2
BRDA:86,19,1,4
BRDA:86,20,0,6
BRDA:86,20,1,6
BRDA:107,21,0,0
BRDA:107,21,1,0
BRF:44
BRH:36
end_of_record
